Unity Player [version: Unity 5.0.1f1_5a2e8fe35a68]

piano.exe caused an Access Violation (0xc0000005)
  in module piano.exe at 0023:01254be0.

Error occurred at 2015-04-12_111304.
D:\Users\TimBo\Documents\Hackathon\git\Bitcamp2015\Piano 2\piano.exe, run by TimBo.
12% memory in use.
0 MB physical memory [0 MB free].
0 MB paging file [0 MB free].
0 MB user address space [3525 MB free].
Write to location 5aadb06c caused an access violation.

Context:
EDI:    0x0d02e0dc  ESI: 0x0d02e0f8  EAX:   0x4daacf8c
EBX:    0x0cf36030  ECX: 0x00004004  EDX:   0x0d025b1c
EIP:    0x01254be0  EBP: 0x0035f62c  SegCs: 0x00000023
EFlags: 0x00010202  ESP: 0x0035f620  SegSs: 0x0000002b

Bytes at CS:EIP:
89 7c 38 04 8b f7 8b 56 04 83 e2 fc f6 44 32 08 

Stack:
0x0035f620: 00c6af30 0d02e100 01aa6630 0035f650 0.......0f..P.5.
0x0035f630: 00cc3c08 0cf36030 0d02e100 0d02e100 .<..0`..........
0x0035f640: 01aa66f0 01aa6630 0d02e100 01aa6630 .f..0f......0f..
0x0035f650: 0035f668 00cc4c7d 0002e100 0d02e100 h.5.}L..........
0x0035f660: 01aa58f0 0d02e100 0035f67c 00cc2165 .X......|.5.e!..
0x0035f670: 0d02e100 00000000 0d02e100 0035f68c ..............5.
0x0035f680: 00cc2297 0d02e100 0000001c 0035f69c ."............5.
0x0035f690: 010010b2 0d02e100 0000001c 0035f6b4 ..............5.
0x0035f6a0: 013627c6 0d02e100 030a4c30 03a2f720 .'6.....0L.. ...
0x0035f6b0: 03596fd8 0035f6c4 0136592a 0d02e100 .oY...5.*Y6.....
0x0035f6c0: 03a7ed4c 0035f6dc 01454227 0d02e100 L.....5.'BE.....
0x0035f6d0: 03a7ed20 0308b920 030a4c30 0035f6f0  ... ...0L....5.
0x0035f6e0: 0144d633 030af850 03a7ed20 03a7ed20 3.D.P... ... ...
0x0035f6f0: 0035f708 0144992b 03a2f720 0d0e6ee0 ..5.+.D. ....n..
0x0035f700: 03a71090 0035f724 0035f724 0138d804 ....$.5.$.5...8.
0x0035f710: 00000000 03a71090 00003000 030a4d10 .........0...M..
0x0035f720: 0308b840 0035f764 01416f58 03a71080 @...d.5.XoA.....
0x0035f730: 0139a2ee 03a71080 03a71080 0366b02c ..9.........,.f.
0x0035f740: 00000040 ffffffff 00000000 03a71e84 @...............
0x0035f750: 00000000 00000000 00000000 030a0004 ................
0x0035f760: 030a4ad0 0035f770 0139e36b 03097c90 .J..p.5.k.9..|..
0x0035f770: 0035f784 01363ef5 00000001 00000000 ..5..>6.........
0x0035f780: 03a71080 0035f798 013960a4 03a71080 ......5..`9.....
0x0035f790: 00000000 03a70004 0035f7c0 01006585 ..........5..e..
0x0035f7a0: 01aa83f0 035b1440 010066e3 00000000 ....@.[..f......
0x0035f7b0: 00000000 00000000 00000000 010082b7 ................
0x0035f7c0: 0035f80c 00e9b6ed 0329d410 00000000 ..5.......).....
0x0035f7d0: ffffffff 03229e10 0000003c 00000005 ......".<.......
0x0035f7e0: 00000008 03083f50 0d196308 0d196320 ....P?...c.. c..
0x0035f7f0: 03083f50 00001dad ffffffff c21c887a P?..........z...
0x0035f800: 00000000 ffffd8be 03229e24 0035f87c ........$.".|.5.
0x0035f810: 00e87edb 0309f610 036752f0 00000001 .~.......Rg.....
0x0035f820: 01aa6ae0 032692d0 00000000 00efee67 .j....&.....g...
0x0035f830: 01aa66f0 0329d410 00000000 032692d0 .f....).......&.
0x0035f840: 0003e6c8 0329ccf0 00000000 00cc4c5f ......)....._L..
0x0035f850: 0329d410 0329d410 01aa58f0 03675348 ..)...)..X..HSg.
0x0035f860: 0035f874 00cc2165 0329d410 0329d410 t.5.e!....)...).
0x0035f870: 00000002 0035f888 01a6ebb0 0035f890 ......5.......5.
0x0035f880: 00e88199 00000001 03675380 036753c4 .........Sg..Sg.
0x0035f890: 0035f8c8 00e8a1ed 00000001 03675380 ..5..........Sg.
0x0035f8a0: 036753c4 036752f0 00e899dd 00000002 .Sg..Rg.........
0x0035f8b0: 0309f610 00000000 c21c886f 00000000 ........o.......
0x0035f8c0: 00000000 0135f9c4 0035f9c4 00e89ae4 ......5...5.....
0x0035f8d0: 00000000 03af5b20 00000001 00000000 .... [..........
0x0035f8e0: 00e86198 00000000 00000000 76ed9c00 .a.............v
0x0035f8f0: 00000000 00000000 00000000 00000000 ................
0x0035f900: 0035f960 00e541fa 0035f900 035a7e30 `.5..A....5.0~Z.
0x0035f910: 00000000 035a7e30 0035f974 00e4a077 ....0~Z.t.5.w...
0x0035f920: 00000001 00ce463d 00000000 00000000 ....=F..........
0x0035f930: 00000000 00000000 00000000 00000000 ................
0x0035f940: 00000000 035a7e30 00000000 035a7e30 ....0~Z.....0~Z.
0x0035f950: 00000000 00000000 00000020 00000000 ........ .......
0x0035f960: 0035f9a0 0035f9a0 00e4a077 00000001 ..5...5.w.......
0x0035f970: 00ce49a3 76ed9c00 00000000 035a7e30 .I.....v....0~Z.
0x0035f980: 00000000 80000000 00000001 00000001 ................
0x0035f990: 00000000 00000000 03595720 035a7e30 ........ WY.0~Z.
0x0035f9a0: 0035f9c0 00ce9572 00000000 00000000 ..5.r...........
0x0035f9b0: fea2c800 0fa00000 00000001 03af5b20 ............ [..
0x0035f9c0: 0135f9d0 0035fa00 00f1db81 00000000 ..5...5.........
0x0035f9d0: 00000001 00000000 00000010 00000000 ................
0x0035f9e0: 0006039c 00000101 0000000d c01c0001 ................
0x0035f9f0: 000eefab 000003bf 0000021b 00000560 ............`...
0x0035fa00: 0035fb34 00f1f800 0128bf22 00000000 4.5.....".(.....
0x0035fa10: fea23000 0308fc60 01c0003f 000001ff .0..`...?.......
0x0035fa20: 00000000 0000004e 0000004f 00001fff ....N...O.......
0x0035fa30: 0309fc10 00482250 019cdb58 7fffffff ....P"H.X.......
0x0035fa40: 00000053 0000005f 00482250 019cdb58 S..._...P"H.X...
0x0035fa50: 0000000f 0000000f 7fffffff 00000000 ................
0x0035fa60: 01a79928 00481838 0000000f 0035fa00 (...8.H.......5.
0x0035fa70: 0035faa0 012a6f99 00482250 019cdb58 ..5..o*.P"H.X...
0x0035fa80: 0000000f 0309fdf0 7fffffff 00000000 ................
0x0035fa90: 01a79928 00000054 0000005f 0035fa00 (...T..._.....5.
0x0035faa0: 0308fda0 0129640c 00482250 019cdb58 .....d).P"H.X...
0x0035fab0: 00000045 0000004f 00000004 616e614d E...O.......Mana
0x0035fac0: 00646567 00481838 756e6547 00000007 ged.8.H.Genu....
0x0035fad0: 0000000f 00000000 00a9c630 03083ad0 ........0....:..
0x0035fae0: 03083b08 03083b08 0035fb18 72637300 .;...;....5..scr
0x0035faf0: 696e6565 6c640064 0128006c 00000000 eenid.dll.(.....
0x0035fb00: 0000000f 0035fb24 030b0900 0035fb24 ....$.5.....$.5.
0x0035fb10: 01286a07 00673642 00000000 0000000f .j(.B6g.........
0x0035fb20: 00000000 00000000 00a9c630 00000000 ........0.......
0x0035fb30: 00a9c670 0035fb4c 01254e98 00cc0000 p...L.5..N%.....
0x0035fb40: 00000000 00673645 0000000a 0035fbdc ....E6g.......5.
0x0035fb50: 0128becf 00cc0000 00000000 00673645 ..(.........E6g.
0x0035fb60: 0000000a 4288bdc9 0128bf22 0128bf22 .......B".(.".(.
0x0035fb70: fea23000 00000044 00671c9e 00671c7e .0..D.....g.~.g.
0x0035fb80: 00671c6a 00000000 00000000 00000000 j.g.............
0x0035fb90: 00000000 00000000 00000000 00000000 ................
0x0035fba0: 00000000 00000000 00000000 0035fbd8 ..............5.
0x0035fbb0: 0035fbd8 0129d124 c0000005 0128bf22 ..5.$.).....".(.
0x0035fbc0: 00000000 0035fb64 0035f04c 0035fc28 ....d.5.L.5.(.5.
0x0035fbd0: 0128daf0 431ca4a5 00000000 0035fbf0 ..(....C......5.
0x0035fbe0: 77037c04 fea23000 77037be0 1c108cf3 .|.w.0...{.w....
0x0035fbf0: 0035fc38 77c1b54f fea23000 1ccebbe8 8.5.O..w.0......
0x0035fc00: 00000000 00000000 fea23000 c0000005 .........0......
0x0035fc10: 76b3f510 00000000 0035f02c 1ccebbe8 ...v....,.5.....
0x0035fc20: 0035fbfc 0035f02c 0035fc40 77c58000 ..5.,.5.@.5....w
0x0035fc30: 6b3af2b0 00000000 0035fc48 77c1b51a ..:k....H.5....w
0x0035fc40: ffffffff 77c003e6 00000000 00000000 .......w........
0x0035fc50: 0128bf22 fea23000 00000000 00000000 ".(..0..........
0x0035fc60: 00000000 00000000 00000000 00000000 ................
0x0035fc70: 00000000 00000000 00000000 00000000 ................
0x0035fc80: 00000000 00000000 00000000 00000000 ................
0x0035fc90: 00000000 00000000 00000000 00000000 ................
0x0035fca0: 00000000 00000000 00000000 00000000 ................
0x0035fcb0: 00000000 00000000 00000000 00000000 ................
0x0035fcc0: 00000000 00000000 00000000 00000000 ................
0x0035fcd0: 00000000 00000000 00000000 00000000 ................
0x0035fce0: 00000000 00000000 00000000 00000000 ................
0x0035fcf0: 00000000 00000000 00000000 00000000 ................
0x0035fd00: 00000000 00000000 00000000 00000000 ................
0x0035fd10: 00000000 00000000 00000000 00000000 ................
0x0035fd20: 00000000 00000000 00000000 00000000 ................
0x0035fd30: 00000000 00000000 00000000 00000000 ................
0x0035fd40: 00000000 00000000 00000000 00000000 ................
0x0035fd50: 00000000 00000000 00000000 00000000 ................
0x0035fd60: 00000000 00000000 00000000 00000000 ................
0x0035fd70: 00000000 00000000 00000000 00000000 ................
0x0035fd80: 00000000 00000000 00000000 00000000 ................
0x0035fd90: 00000000 00000000 00000000 00000000 ................
0x0035fda0: 00000000 00000000 00000000 00000000 ................
0x0035fdb0: 00000000 00000000 00000000 00000000 ................
0x0035fdc0: 00000000 00000000 00000000 00000000 ................
0x0035fdd0: 00000000 00000000 00000000 00000000 ................
0x0035fde0: 00000000 00000000 00000000 00000000 ................
0x0035fdf0: 00000000 00000000 00000000 00000000 ................
0x0035fe00: 00000000 00000000 00000000 00000000 ................
0x0035fe10: 00000000 00000000 00000000 00000000 ................
0x0035fe20: 00000000 00000000 00000000 00000000 ................
0x0035fe30: 00000000 00000000 00000000 00000000 ................
0x0035fe40: 00000000 00000000 00000000 00000000 ................
0x0035fe50: 00000000 00000000 00000000 00000000 ................
0x0035fe60: 00000000 00000000 00000000 00000000 ................
0x0035fe70: 00000000 00000000 00000000 00000000 ................
0x0035fe80: 00000000 00000000 00000000 00000000 ................
0x0035fe90: 00000000 00000000 00000000 00000000 ................
0x0035fea0: 00000000 00000000 00000000 00000000 ................
0x0035feb0: 00000000 00000000 00000000 00000000 ................
0x0035fec0: 00000000 00000000 00000000 00000000 ................
0x0035fed0: 00000000 00000000 00000000 00000000 ................
0x0035fee0: 00000000 00000000 00000000 00000000 ................
0x0035fef0: 00000000 00000000 00000000 00000000 ................
0x0035ff00: 00000000 00000000 00000000 00000000 ................
0x0035ff10: 00000000 00000000 00000000 00000000 ................
0x0035ff20: 00000000 00000000 00000000 00000000 ................
0x0035ff30: 00000000 00000000 00000000 00000000 ................
0x0035ff40: 00000000 00000000 00000000 00000000 ................
0x0035ff50: 00000000 00000000 00000000 00000000 ................
0x0035ff60: 00000000 00000000 00000000 00000000 ................
0x0035ff70: 00000000 00000000 00000000 00000000 ................
0x0035ff80: 00000000 00000000 00000000 00000000 ................
0x0035ff90: 00000000 00000000 00000000 00000000 ................
0x0035ffa0: 00000000 00000000 00000000 00000000 ................
0x0035ffb0: 00000000 00000000 00000000 00000000 ................
0x0035ffc0: 00000000 00000000 00000000 00000000 ................
0x0035ffd0: 00000000 00000000 00000000 00000000 ................
0x0035ffe0: 00000000 00000000 00000000 00000000 ................
0x0035fff0: 00000000 00000000 00000000 00000000 ................

Module 1
D:\Users\TimBo\Documents\Hackathon\git\Bitcamp2015\Piano 2\piano.exe
Image Base: 0x00cc0000  Image Size: 0x00fad000
File Size:  15665952    File Time:  2015-03-27_071514
Version:
   Company:    
   Product:    
   FileDesc:   
   FileVer:    5.0.1.11919
   ProdVer:    5.0.1.11919

Module 2
C:\Windows\system32\nvspcap.dll
Image Base: 0x10000000  Image Size: 0x0021c000
File Size:  2210040     File Time:  2014-12-12_201226
Version:
   Company:    NVIDIA Corporation
   Product:    NVIDIA GeForce Experience
   FileDesc:   NVIDIA Capture Server Proxy
   FileVer:    16.18.9.0
   ProdVer:    16.18.9.0

Module 3
C:\Windows\SYSTEM32\xinput1_3.dll
Image Base: 0x00400000  Image Size: 0x00016000
File Size:  81768       File Time:  2007-04-04_195342
Version:
   Company:    Microsoft Corporation
   Product:    Microsoft® DirectX for Windows®
   FileDesc:   Microsoft Common Controller API
   FileVer:    9.18.944.0
   ProdVer:    9.18.944.0

Module 4
D:\Users\TimBo\Documents\Hackathon\git\Bitcamp2015\Piano 2\piano_Data\Mono\mono.dll
Image Base: 0x10000000  Image Size: 0x0022f000
File Size:  2109216     File Time:  2015-03-27_071516
Version:
   Company:    
   Product:    
   FileDesc:   
   FileVer:    0.0.0.0
   ProdVer:    0.0.0.0

Module 5
C:\Windows\SYSTEM32\nvwgf2um.dll
Image Base: 0x60470000  Image Size: 0x00f3e000
File Size:  16017040    File Time:  2015-02-05_170144
Version:
   Company:    NVIDIA Corporation
   Product:    NVIDIA D3D10 drivers
   FileDesc:   NVIDIA D3D10 Driver, Version 347.52 
   FileVer:    9.18.13.4752
   ProdVer:    9.18.13.4752

Module 6
C:\Windows\SYSTEM32\HID.DLL
Image Base: 0x613b0000  Image Size: 0x0000a000
File Size:  26624       File Time:  2014-10-28_210540
Version:
   Company:    Microsoft Corporation
   Product:    Microsoft® Windows® Operating System
   FileDesc:   Hid User Library
   FileVer:    6.3.9600.17415
   ProdVer:    6.3.9600.17415

Module 7
C:\Windows\SYSTEM32\d3dx9_43.dll
Image Base: 0x63790000  Image Size: 0x001ff000
File Size:  1998168     File Time:  2010-05-26_124102
Version:
   Company:    Microsoft Corporation
   Product:    Microsoft® DirectX for Windows®
   FileDesc:   Direct3D 9 Extensions
   FileVer:    9.29.952.3111
   ProdVer:    9.29.952.3111

Module 8
C:\Windows\SYSTEM32\d3dx10_43.dll
Image Base: 0x63990000  Image Size: 0x00074000
File Size:  470880      File Time:  2010-05-26_124102
Version:
   Company:    Microsoft Corporation
   Product:    Microsoft® DirectX for Windows®
   FileDesc:   Direct3D 10.1 Extensions
   FileVer:    9.29.952.3111
   ProdVer:    9.29.952.3111

Module 9
C:\Windows\SYSTEM32\d3dx11_43.dll
Image Base: 0x63a10000  Image Size: 0x0003f000
File Size:  248672      File Time:  2010-05-26_124102
Version:
   Company:    Microsoft Corporation
   Product:    Microsoft® DirectX for Windows®
   FileDesc:   Direct3D 10.1 Extensions
   FileVer:    9.29.952.3111
   ProdVer:    9.29.952.3111

Module 10
D:\Program Files (x86)\SteamLibrary\SteamApps\common\EVGA PrecisionX\PrecisionXServerHooks.dll
Image Base: 0x63a70000  Image Size: 0x00032000
File Size:  184824      File Time:  2015-03-21_161746
Version:
   Company:    EVGA Corp.
   Product:    EVGA PrecisionX Server Hooks
   FileDesc:   EVGA PrecisionX Server Hooks
   FileVer:    5.2.9.0
   ProdVer:    5.2.9.0

Module 11
C:\Windows\SYSTEM32\MSVCR120.dll
Image Base: 0x63ab0000  Image Size: 0x000ee000
File Size:  970912      File Time:  2013-10-05_023822
Version:
   Company:    Microsoft Corporation
   Product:    Microsoft® Visual Studio® 2013
   FileDesc:   Microsoft® C Runtime Library
   FileVer:    12.0.21005.1
   ProdVer:    12.0.21005.1

Module 12
C:\Windows\SYSTEM32\MSVCP120.dll
Image Base: 0x63ba0000  Image Size: 0x00071000
File Size:  455328      File Time:  2013-10-05_023822
Version:
   Company:    Microsoft Corporation
   Product:    Microsoft® Visual Studio® 2013
   FileDesc:   Microsoft® C Runtime Library
   FileVer:    12.0.21005.1
   ProdVer:    12.0.21005.1

Module 13
C:\Windows\SYSTEM32\OVRDisplayRT32.dll
Image Base: 0x63c20000  Image Size: 0x00017000
File Size:  77824       File Time:  2015-03-26_130030
Version:
   Company:    Oculus VR, LLC
   Product:    Oculus Display Driver
   FileDesc:   Oculus Display Driver
   FileVer:    1.2.4.0
   ProdVer:    1.2.4.0

Module 14
C:\Windows\SYSTEM32\d3d10.dll
Image Base: 0x63c40000  Image Size: 0x0010c000
File Size:  1065472     File Time:  2014-10-28_205730
Version:
   Company:    Microsoft Corporation
   Product:    Microsoft® Windows® Operating System
   FileDesc:   Direct3D 10 Runtime
   FileVer:    6.3.9600.17415
   ProdVer:    6.3.9600.17415

Module 15
C:\Windows\SYSTEM32\d3d10core.dll
Image Base: 0x63d50000  Image Size: 0x00051000
File Size:  316928      File Time:  2014-10-28_205958
Version:
   Company:    Microsoft Corporation
   Product:    Microsoft® Windows® Operating System
   FileDesc:   Direct3D 10 Runtime
   FileVer:    6.3.9600.17415
   ProdVer:    6.3.9600.17415

Module 16
C:\Windows\SYSTEM32\GLU32.dll
Image Base: 0x63db0000  Image Size: 0x00025000
File Size:  140288      File Time:  2014-10-28_215952
Version:
   Company:    Microsoft Corporation
   Product:    Microsoft® Windows® Operating System
   FileDesc:   OpenGL Utility Library DLL
   FileVer:    6.3.9600.17415
   ProdVer:    6.3.9600.17415

Module 17
C:\Windows\SYSTEM32\OPENGL32.dll
Image Base: 0x63de0000  Image Size: 0x000de000
File Size:  777728      File Time:  2014-10-28_215752
Version:
   Company:    Microsoft Corporation
   Product:    Microsoft® Windows® Operating System
   FileDesc:   OpenGL Client DLL
   FileVer:    6.3.9600.17415
   ProdVer:    6.3.9600.17415

Module 18
D:\Users\TimBo\Documents\Hackathon\git\Bitcamp2015\Piano 2\piano_Data\Plugins\SystemWipeRecognizerDll.dll
Image Base: 0x67540000  Image Size: 0x0000a000
File Size:  24576       File Time:  2015-04-12_023334
Version:
   Company:    
   Product:    
   FileDesc:   
   FileVer:    0.0.0.0
   ProdVer:    0.0.0.0

Module 19
D:\Users\TimBo\Documents\Hackathon\git\Bitcamp2015\Piano 2\piano_Data\Plugins\Leap.dll
Image Base: 0x67550000  Image Size: 0x0011c000
File Size:  1150800     File Time:  2015-04-12_023334
Version:
   Company:    Leap Motion
   Product:    Leap Motion API
   FileDesc:   Leap Motion API
   FileVer:    2.2.4.0
   ProdVer:    2.2.4.0

Module 20
D:\Users\TimBo\Documents\Hackathon\git\Bitcamp2015\Piano 2\piano_Data\Plugins\LeapCSharp.dll
Image Base: 0x67670000  Image Size: 0x00023000
File Size:  133456      File Time:  2015-04-12_023334
Version:
   Company:    Leap Motion
   Product:    Leap Motion API
   FileDesc:   Leap Motion API
   FileVer:    2.2.4.0
   ProdVer:    2.2.4.0

Module 21
C:\Windows\SYSTEM32\OVRDisplay32.dll
Image Base: 0x676a0000  Image Size: 0x00012000
File Size:  64512       File Time:  2015-03-26_130026
Version:
   Company:    Oculus VR, LLC
   Product:    Oculus Display Driver
   FileDesc:   Oculus Display Driver
   FileVer:    1.2.4.0
   ProdVer:    1.2.4.0

Module 22
D:\Users\TimBo\Documents\Hackathon\git\Bitcamp2015\Piano 2\piano_Data\Plugins\OculusPlugin.DLL
Image Base: 0x676c0000  Image Size: 0x000a9000
File Size:  667136      File Time:  2015-04-12_023334
Version:
   Company:    
   Product:    
   FileDesc:   
   FileVer:    0.0.0.0
   ProdVer:    0.0.0.0

Module 23
C:\Windows\SYSTEM32\DWrite.dll
Image Base: 0x67770000  Image Size: 0x00182000
File Size:  1560576     File Time:  2014-10-28_210846
Version:
   Company:    Microsoft Corporation
   Product:    Microsoft® Windows® Operating System
   FileDesc:   Microsoft DirectX Typography Services
   FileVer:    6.3.9600.17415
   ProdVer:    6.3.9600.17415

Module 24
C:\Windows\SYSTEM32\midimap.dll
Image Base: 0x6c1f0000  Image Size: 0x00008000
File Size:  18944       File Time:  2014-10-28_215824
Version:
   Company:    Microsoft Corporation
   Product:    Microsoft® Windows® Operating System
   FileDesc:   Microsoft MIDI Mapper
   FileVer:    6.3.9600.17415
   ProdVer:    6.3.9600.17415

Module 25
C:\Windows\SYSTEM32\MSACM32.dll
Image Base: 0x6c200000  Image Size: 0x00017000
File Size:  89816       File Time:  2014-10-28_230702
Version:
   Company:    Microsoft Corporation
   Product:    Microsoft® Windows® Operating System
   FileDesc:   Microsoft ACM Audio Filter
   FileVer:    6.3.9600.17415
   ProdVer:    6.3.9600.17415

Module 26
C:\Windows\SYSTEM32\msacm32.drv
Image Base: 0x6c220000  Image Size: 0x00009000
File Size:  23040       File Time:  2014-10-28_215432
Version:
   Company:    Microsoft Corporation
   Product:    Microsoft® Windows® Operating System
   FileDesc:   Microsoft Sound Mapper
   FileVer:    6.3.9600.17415
   ProdVer:    6.3.9600.17415

Module 27
C:\Windows\SYSTEM32\AUDIOSES.DLL
Image Base: 0x6c230000  Image Size: 0x00060000
File Size:  370424      File Time:  2014-10-28_230710
Version:
   Company:    Microsoft Corporation
   Product:    Microsoft® Windows® Operating System
   FileDesc:   Audio Session
   FileVer:    6.3.9600.17415
   ProdVer:    6.3.9600.17415

Module 28
C:\Windows\SYSTEM32\AVRT.dll
Image Base: 0x6c290000  Image Size: 0x0000a000
File Size:  31496       File Time:  2014-10-28_231134
Version:
   Company:    Microsoft Corporation
   Product:    Microsoft® Windows® Operating System
   FileDesc:   Multimedia Realtime Runtime
   FileVer:    6.3.9600.17415
   ProdVer:    6.3.9600.17415

Module 29
C:\Windows\SYSTEM32\ksuser.dll
Image Base: 0x6c2a0000  Image Size: 0x00007000
File Size:  19096       File Time:  2014-10-28_230702
Version:
   Company:    Microsoft Corporation
   Product:    Microsoft® Windows® Operating System
   FileDesc:   User CSA Library
   FileVer:    6.3.9600.17415
   ProdVer:    6.3.9600.17415

Module 30
C:\Windows\SYSTEM32\wdmaud.drv
Image Base: 0x6c2b0000  Image Size: 0x00036000
File Size:  197120      File Time:  2014-10-28_205318
Version:
   Company:    Microsoft Corporation
   Product:    Microsoft® Windows® Operating System
   FileDesc:   Winmm  audio system driver
   FileVer:    6.3.9600.17415
   ProdVer:    6.3.9600.17415

Module 31
C:\Windows\SYSTEM32\dsound.dll
Image Base: 0x6c2f0000  Image Size: 0x00081000
File Size:  517120      File Time:  2014-10-28_214754
Version:
   Company:    Microsoft Corporation
   Product:    Microsoft® Windows® Operating System
   FileDesc:   DirectSound
   FileVer:    6.3.9600.17415
   ProdVer:    6.3.9600.17415

Module 32
C:\Windows\SYSTEM32\MMDevAPI.DLL
Image Base: 0x6c380000  Image Size: 0x00053000
File Size:  331048      File Time:  2014-10-28_230702
Version:
   Company:    Microsoft Corporation
   Product:    Microsoft® Windows® Operating System
   FileDesc:   MMDevice API
   FileVer:    6.3.9600.17415
   ProdVer:    6.3.9600.17415

Module 33
C:\Windows\SYSTEM32\DCIMAN32.dll
Image Base: 0x6d620000  Image Size: 0x00007000
File Size:  11776       File Time:  2014-10-28_220002
Version:
   Company:    Microsoft Corporation
   Product:    Microsoft® Windows® Operating System
   FileDesc:   DCI Manager
   FileVer:    6.3.9600.17415
   ProdVer:    6.3.9600.17415

Module 34
C:\Windows\SYSTEM32\DDRAW.dll
Image Base: 0x6d630000  Image Size: 0x000ec000
File Size:  544256      File Time:  2014-10-28_205248
Version:
   Company:    Microsoft Corporation
   Product:    Microsoft® Windows® Operating System
   FileDesc:   Microsoft DirectDraw
   FileVer:    6.3.9600.17415
   ProdVer:    6.3.9600.17415

Module 35
C:\Windows\SYSTEM32\dxgi.dll
Image Base: 0x6d720000  Image Size: 0x00069000
File Size:  430176      File Time:  2014-10-28_231204
Version:
   Company:    Microsoft Corporation
   Product:    Microsoft® Windows® Operating System
   FileDesc:   DirectX Graphics Infrastructure
   FileVer:    6.3.9600.17415
   ProdVer:    6.3.9600.17415

Module 36
C:\Windows\SYSTEM32\d3d11.dll
Image Base: 0x6d790000  Image Size: 0x001d9000
File Size:  1946144     File Time:  2014-10-28_231204
Version:
   Company:    Microsoft Corporation
   Product:    Microsoft® Windows® Operating System
   FileDesc:   Direct3D 11 Runtime
   FileVer:    6.3.9600.17415
   ProdVer:    6.3.9600.17415

Module 37
C:\Windows\SYSTEM32\DNSAPI.dll
Image Base: 0x6dcb0000  Image Size: 0x0007e000
File Size:  498688      File Time:  2014-10-28_210628
Version:
   Company:    Microsoft Corporation
   Product:    Microsoft® Windows® Operating System
   FileDesc:   DNS Client API DLL
   FileVer:    6.3.9600.17415
   ProdVer:    6.3.9600.17415

Module 38
C:\Windows\SYSTEM32\d3d9.dll
Image Base: 0x71cc0000  Image Size: 0x001d3000
File Size:  1907384     File Time:  2014-10-28_231204
Version:
   Company:    Microsoft Corporation
   Product:    Microsoft® Windows® Operating System
   FileDesc:   Direct3D 9 Runtime
   FileVer:    6.3.9600.17415
   ProdVer:    6.3.9600.17415

Module 39
C:\Windows\SYSTEM32\dwmapi.dll
Image Base: 0x71eb0000  Image Size: 0x0001a000
File Size:  102728      File Time:  2014-10-28_231204
Version:
   Company:    Microsoft Corporation
   Product:    Microsoft® Windows® Operating System
   FileDesc:   Microsoft Desktop Window Manager API
   FileVer:    6.3.9600.17415
   ProdVer:    6.3.9600.17415

Module 40
C:\Windows\system32\uxtheme.dll
Image Base: 0x72040000  Image Size: 0x000ed000
File Size:  949760      File Time:  2014-10-28_204830
Version:
   Company:    Microsoft Corporation
   Product:    Microsoft® Windows® Operating System
   FileDesc:   Microsoft UxTheme Library
   FileVer:    6.3.9600.17415
   ProdVer:    6.3.9600.17415

Module 41
C:\Windows\system32\apphelp.dll
Image Base: 0x72890000  Image Size: 0x000a0000
File Size:  642560      File Time:  2014-10-28_220014
Version:
   Company:    Microsoft Corporation
   Product:    Microsoft® Windows® Operating System
   FileDesc:   Application Compatibility Client Library
   FileVer:    6.3.9600.17415
   ProdVer:    6.3.9600.17415

Module 42
C:\Windows\SYSTEM32\powrprof.dll
Image Base: 0x72940000  Image Size: 0x00040000
File Size:  255136      File Time:  2014-10-28_231846
Version:
   Company:    Microsoft Corporation
   Product:    Microsoft® Windows® Operating System
   FileDesc:   Power Profile Helper DLL
   FileVer:    6.3.9600.17415
   ProdVer:    6.3.9600.17415

Module 43
C:\Windows\SYSTEM32\WINHTTP.dll
Image Base: 0x72b70000  Image Size: 0x0009f000
File Size:  631808      File Time:  2014-10-28_205622
Version:
   Company:    Microsoft Corporation
   Product:    Microsoft® Windows® Operating System
   FileDesc:   Windows HTTP Services
   FileVer:    6.3.9600.17415
   ProdVer:    6.3.9600.17415

Module 44
C:\Windows\SYSTEM32\ntmarta.dll
Image Base: 0x73360000  Image Size: 0x00028000
File Size:  154392      File Time:  2014-10-28_231538
Version:
   Company:    Microsoft Corporation
   Product:    Microsoft® Windows® Operating System
   FileDesc:   Windows NT MARTA provider
   FileVer:    6.3.9600.17415
   ProdVer:    6.3.9600.17415

Module 45
C:\Windows\SYSTEM32\WINMMBASE.dll
Image Base: 0x73390000  Image Size: 0x00023000
File Size:  134280      File Time:  2014-10-28_230702
Version:
   Company:    Microsoft Corporation
   Product:    Microsoft® Windows® Operating System
   FileDesc:   Base Multimedia Extension API DLL
   FileVer:    6.3.9600.17415
   ProdVer:    6.3.9600.17415

Module 46
C:\Windows\SYSTEM32\VERSION.dll
Image Base: 0x733c0000  Image Size: 0x00008000
File Size:  26304       File Time:  2014-10-28_231056
Version:
   Company:    Microsoft Corporation
   Product:    Microsoft® Windows® Operating System
   FileDesc:   Version Checking and File Installation Libraries
   FileVer:    6.3.9600.17415
   ProdVer:    6.3.9600.17415

Module 47
C:\Windows\SYSTEM32\WINMM.dll
Image Base: 0x73750000  Image Size: 0x00023000
File Size:  136840      File Time:  2014-10-28_230702
Version:
   Company:    Microsoft Corporation
   Product:    Microsoft® Windows® Operating System
   FileDesc:   MCI API DLL
   FileVer:    6.3.9600.17415
   ProdVer:    6.3.9600.17415

Module 48
C:\Windows\SYSTEM32\DEVOBJ.dll
Image Base: 0x742a0000  Image Size: 0x00021000
File Size:  127552      File Time:  2014-10-28_231842
Version:
   Company:    Microsoft Corporation
   Product:    Microsoft® Windows® Operating System
   FileDesc:   Device Information Set DLL
   FileVer:    6.3.9600.17415
   ProdVer:    6.3.9600.17415

Module 49
C:\Windows\SYSTEM32\WINNSI.DLL
Image Base: 0x74450000  Image Size: 0x00008000
File Size:  26304       File Time:  2014-10-28_230516
Version:
   Company:    Microsoft Corporation
   Product:    Microsoft® Windows® Operating System
   FileDesc:   Network Store Information RPC interface
   FileVer:    6.3.9600.17415
   ProdVer:    6.3.9600.17415

Module 50
C:\Windows\SYSTEM32\IPHLPAPI.DLL
Image Base: 0x74460000  Image Size: 0x00020000
File Size:  120864      File Time:  2014-10-28_230516
Version:
   Company:    Microsoft Corporation
   Product:    Microsoft® Windows® Operating System
   FileDesc:   IP Helper API
   FileVer:    6.3.9600.17415
   ProdVer:    6.3.9600.17415

Module 51
C:\Windows\SYSTEM32\shcore.dll
Image Base: 0x747b0000  Image Size: 0x0008b000
File Size:  560392      File Time:  2015-01-23_010234
Version:
   Company:    Microsoft Corporation
   Product:    Microsoft® Windows® Operating System
   FileDesc:   SHCORE
   FileVer:    6.3.9600.17666
   ProdVer:    6.3.9600.17666

Module 52
C:\Windows\SYSTEM32\bcrypt.dll
Image Base: 0x74840000  Image Size: 0x0001e000
File Size:  111104      File Time:  2014-10-28_210548
Version:
   Company:    Microsoft Corporation
   Product:    Microsoft® Windows® Operating System
   FileDesc:   Windows Cryptographic Primitives Library
   FileVer:    6.3.9600.17415
   ProdVer:    6.3.9600.17415

Module 53
C:\Windows\SYSTEM32\MSWSOCK.dll
Image Base: 0x748b0000  Image Size: 0x0004b000
File Size:  286208      File Time:  2014-10-28_210618
Version:
   Company:    Microsoft Corporation
   Product:    Microsoft® Windows® Operating System
   FileDesc:   Microsoft Windows Sockets 2.0 Service Provider
   FileVer:    6.3.9600.17415
   ProdVer:    6.3.9600.17415

Module 54
C:\Windows\SYSTEM32\kernel.appcore.dll
Image Base: 0x74900000  Image Size: 0x00009000
File Size:  29920       File Time:  2014-10-28_231848
Version:
   Company:    Microsoft Corporation
   Product:    Microsoft® Windows® Operating System
   FileDesc:   AppModel API Host
   FileVer:    6.3.9600.17415
   ProdVer:    6.3.9600.17415

Module 55
C:\Windows\SYSTEM32\dbghelp.dll
Image Base: 0x74910000  Image Size: 0x00141000
File Size:  1207296     File Time:  2014-10-28_205954
Version:
   Company:    Microsoft Corporation
   Product:    Microsoft® Windows® Operating System
   FileDesc:   Windows Image Helper
   FileVer:    6.3.9600.17415
   ProdVer:    6.3.9600.17415

Module 56
C:\Windows\SYSTEM32\bcryptPrimitives.dll
Image Base: 0x75350000  Image Size: 0x00054000
File Size:  340848      File Time:  2014-10-28_231538
Version:
   Company:    Microsoft Corporation
   Product:    Microsoft® Windows® Operating System
   FileDesc:   Windows Cryptographic Primitives Library
   FileVer:    6.3.9600.17415
   ProdVer:    6.3.9600.17415

Module 57
C:\Windows\SYSTEM32\CRYPTBASE.dll
Image Base: 0x753b0000  Image Size: 0x0000a000
File Size:  30984       File Time:  2014-10-28_230516
Version:
   Company:    Microsoft Corporation
   Product:    Microsoft® Windows® Operating System
   FileDesc:   Base cryptographic API DLL
   FileVer:    6.3.9600.17415
   ProdVer:    6.3.9600.17415

Module 58
C:\Windows\SYSTEM32\SspiCli.dll
Image Base: 0x753c0000  Image Size: 0x0001e000
File Size:  104960      File Time:  2014-10-28_210606
Version:
   Company:    Microsoft Corporation
   Product:    Microsoft® Windows® Operating System
   FileDesc:   Security Support Provider Interface
   FileVer:    6.3.9600.17415
   ProdVer:    6.3.9600.17415

Module 59
C:\Windows\SYSTEM32\sechost.dll
Image Base: 0x753e0000  Image Size: 0x00041000
File Size:  257216      File Time:  2014-10-28_230516
Version:
   Company:    Microsoft Corporation
   Product:    Microsoft® Windows® Operating System
   FileDesc:   Host for SCM/SDDL/LSA Lookup APIs
   FileVer:    6.3.9600.17415
   ProdVer:    6.3.9600.17415

Module 60
C:\Windows\SYSTEM32\WS2_32.dll
Image Base: 0x75430000  Image Size: 0x00050000
File Size:  321248      File Time:  2014-10-28_230516
Version:
   Company:    Microsoft Corporation
   Product:    Microsoft® Windows® Operating System
   FileDesc:   Windows Socket 2.0 32-Bit DLL
   FileVer:    6.3.9600.17415
   ProdVer:    6.3.9600.17415

Module 61
C:\Windows\SYSTEM32\combase.dll
Image Base: 0x75480000  Image Size: 0x0017d000
File Size:  1564464     File Time:  2014-10-28_231002
Version:
   Company:    Microsoft Corporation
   Product:    Microsoft® Windows® Operating System
   FileDesc:   Microsoft COM for Windows
   FileVer:    6.3.9600.17415
   ProdVer:    6.3.9600.17415

Module 62
C:\Windows\SYSTEM32\NSI.dll
Image Base: 0x75610000  Image Size: 0x00007000
File Size:  20120       File Time:  2014-10-28_230516
Version:
   Company:    Microsoft Corporation
   Product:    Microsoft® Windows® Operating System
   FileDesc:   NSI User-mode interface DLL
   FileVer:    6.3.9600.17415
   ProdVer:    6.3.9600.17415

Module 63
C:\Windows\SYSTEM32\cfgmgr32.dll
Image Base: 0x75620000  Image Size: 0x0003c000
File Size:  241168      File Time:  2014-10-28_231848
Version:
   Company:    Microsoft Corporation
   Product:    Microsoft® Windows® Operating System
   FileDesc:   Configuration Manager DLL
   FileVer:    6.3.9600.17415
   ProdVer:    6.3.9600.17415

Module 64
C:\Windows\SYSTEM32\SHELL32.dll
Image Base: 0x75660000  Image Size: 0x012ac000
File Size:  19731824    File Time:  2015-02-12_133408
Version:
   Company:    Microsoft Corporation
   Product:    Microsoft® Windows® Operating System
   FileDesc:   Windows Shell Common Dll
   FileVer:    6.3.9600.17680
   ProdVer:    6.3.9600.17680

Module 65
C:\Windows\SYSTEM32\GDI32.dll
Image Base: 0x76970000  Image Size: 0x0010e000
File Size:  1096704     File Time:  2014-10-28_211020
Version:
   Company:    Microsoft Corporation
   Product:    Microsoft® Windows® Operating System
   FileDesc:   GDI Client DLL
   FileVer:    6.3.9600.17415
   ProdVer:    6.3.9600.17415

Module 66
C:\Windows\SYSTEM32\KERNELBASE.dll
Image Base: 0x76a80000  Image Size: 0x000d7000
File Size:  862720      File Time:  2014-10-28_220316
Version:
   Company:    Microsoft Corporation
   Product:    Microsoft® Windows® Operating System
   FileDesc:   Windows NT BASE API Client DLL
   FileVer:    6.3.9600.17415
   ProdVer:    6.3.9600.17415

Module 67
C:\Windows\SYSTEM32\USER32.dll
Image Base: 0x76ec0000  Image Size: 0x00153000
File Size:  1376256     File Time:  2014-10-28_210436
Version:
   Company:    Microsoft Corporation
   Product:    Microsoft® Windows® Operating System
   FileDesc:   Multi-User Windows USER API Client DLL
   FileVer:    6.3.9600.17415
   ProdVer:    6.3.9600.17415

Module 68
C:\Windows\SYSTEM32\KERNEL32.DLL
Image Base: 0x77020000  Image Size: 0x00140000
File Size:  1040384     File Time:  2014-10-28_215824
Version:
   Company:    Microsoft Corporation
   Product:    Microsoft® Windows® Operating System
   FileDesc:   Windows NT BASE API Client DLL
   FileVer:    6.3.9600.17415
   ProdVer:    6.3.9600.17415

Module 69
C:\Windows\SYSTEM32\RPCRT4.dll
Image Base: 0x771f0000  Image Size: 0x000ba000
File Size:  747008      File Time:  2014-10-28_210756
Version:
   Company:    Microsoft Corporation
   Product:    Microsoft® Windows® Operating System
   FileDesc:   Remote Procedure Call Runtime
   FileVer:    6.3.9600.17415
   ProdVer:    6.3.9600.17415

Module 70
C:\Windows\SYSTEM32\msvcrt.dll
Image Base: 0x772b0000  Image Size: 0x000c3000
File Size:  800008      File Time:  2014-10-28_230630
Version:
   Company:    Microsoft Corporation
   Product:    Microsoft® Windows® Operating System
   FileDesc:   Windows NT CRT DLL
   FileVer:    7.0.9600.17415
   ProdVer:    6.1.8638.17415

Module 71
C:\Windows\SYSTEM32\ADVAPI32.dll
Image Base: 0x77380000  Image Size: 0x0007c000
File Size:  507152      File Time:  2014-10-28_230614
Version:
   Company:    Microsoft Corporation
   Product:    Microsoft® Windows® Operating System
   FileDesc:   Advanced Windows 32 Base API
   FileVer:    6.3.9600.17415
   ProdVer:    6.3.9600.17415

Module 72
C:\Windows\SYSTEM32\PSAPI.DLL
Image Base: 0x77430000  Image Size: 0x00006000
File Size:  16504       File Time:  2014-10-28_231844
Version:
   Company:    Microsoft Corporation
   Product:    Microsoft® Windows® Operating System
   FileDesc:   Process Status Helper
   FileVer:    6.3.9600.17415
   ProdVer:    6.3.9600.17415

Module 73
C:\Windows\SYSTEM32\SHLWAPI.dll
Image Base: 0x77480000  Image Size: 0x00045000
File Size:  278352      File Time:  2014-10-28_231056
Version:
   Company:    Microsoft Corporation
   Product:    Microsoft® Windows® Operating System
   FileDesc:   Shell Light-weight Utility Library
   FileVer:    6.3.9600.17415
   ProdVer:    6.3.9600.17415

Module 74
C:\Windows\SYSTEM32\ole32.dll
Image Base: 0x774d0000  Image Size: 0x00128000
File Size:  1209624     File Time:  2014-10-28_231002
Version:
   Company:    Microsoft Corporation
   Product:    Microsoft® Windows® Operating System
   FileDesc:   Microsoft OLE for Windows
   FileVer:    6.3.9600.17415
   ProdVer:    6.3.9600.17415

Module 75
C:\Windows\SYSTEM32\OLEAUT32.dll
Image Base: 0x77600000  Image Size: 0x00095000
File Size:  602776      File Time:  2014-12-19_042530
Version:
   Company:    Microsoft Corporation
   Product:    
   FileDesc:   
   FileVer:    6.3.9600.17560
   ProdVer:    6.3.9600.17560

Module 76
C:\Windows\SYSTEM32\IMM32.dll
Image Base: 0x77740000  Image Size: 0x00027000
File Size:  141312      File Time:  2014-10-28_215950
Version:
   Company:    Microsoft Corporation
   Product:    Microsoft® Windows® Operating System
   FileDesc:   Multi-User Windows IMM32 API Client DLL
   FileVer:    6.3.9600.17415
   ProdVer:    6.3.9600.17415

Module 77
C:\Windows\SYSTEM32\clbcatq.dll
Image Base: 0x77770000  Image Size: 0x0008d000
File Size:  569128      File Time:  2014-10-28_231002
Version:
   Company:    Microsoft Corporation
   Product:    Microsoft® Windows® Operating System
   FileDesc:   COM+ Configuration Catalog
   FileVer:    2001.12.10530.17415
   ProdVer:    6.3.9600.17415

Module 78
C:\Windows\SYSTEM32\SETUPAPI.dll
Image Base: 0x77800000  Image Size: 0x001b1000
File Size:  1782912     File Time:  2014-10-28_231848
Version:
   Company:    Microsoft Corporation
   Product:    Microsoft® Windows® Operating System
   FileDesc:   Windows Setup API
   FileVer:    6.3.9600.17415
   ProdVer:    6.3.9600.17415

Module 79
C:\Windows\SYSTEM32\MSCTF.dll
Image Base: 0x779c0000  Image Size: 0x00112000
File Size:  1123848     File Time:  2015-01-21_011520
Version:
   Company:    Microsoft Corporation
   Product:    Microsoft® Windows® Operating System
   FileDesc:   MSCTF Server DLL
   FileVer:    6.3.9600.17664
   ProdVer:    6.3.9600.17664

Module 80
C:\Windows\SYSTEM32\ntdll.dll
Image Base: 0x77bc0000  Image Size: 0x0016e000
File Size:  1498360     File Time:  2015-01-28_114116
Version:
   Company:    Microsoft Corporation
   Product:    Microsoft® Windows® Operating System
   FileDesc:   NT Layer DLL
   FileVer:    6.3.9600.17668
   ProdVer:    6.3.9600.17668


== [end of error.log] ==
