Unity Player [version: Unity 5.0.1f1_5a2e8fe35a68]

piano.exe caused an Access Violation (0xc0000005)
  in module piano.exe at 0023:0125453e.

Error occurred at 2015-04-12_112644.
D:\Users\TimBo\Documents\Hackathon\git\Bitcamp2015\Piano 2\piano.exe, run by TimBo.
11% memory in use.
0 MB physical memory [0 MB free].
0 MB paging file [0 MB free].
0 MB user address space [3529 MB free].
Write to location 00000008 caused an access violation.

Context:
EDI:    0x0adce2dc  ESI: 0x00000000  EAX:   0x00000000
EBX:    0x0ad65030  ECX: 0x00000000  EDX:   0x0ad65030
EIP:    0x0125453e  EBP: 0x0037f9e0  SegCs: 0x00000023
EFlags: 0x00010246  ESP: 0x0037f9d8  SegSs: 0x0000002b

Bytes at CS:EIP:
89 51 08 8b ce c1 e1 05 03 c8 39 7c 8b 74 8d 4c 

Stack:
0x0037f9d8: 0adce2f8 0ad65030 0037f9f8 01254bcb ....0P....7..K%.
0x0037f9e8: 0ad65030 0354aef0 0adce300 01aa6690 0P....T......f..
0x0037f9f8: 0037fa1c 00cc3c08 0ad65030 0adce300 ..7..<..0P......
0x0037fa08: 0adce300 01aa66f0 01aa6630 0adce300 .....f..0f......
0x0037fa18: 01aa6690 0037fa34 00cc4c8f 00dce300 .f..4.7..L......
0x0037fa28: 0adce300 01aa58f0 00200000 0037fa48 .....X.... .H.7.
0x0037fa38: 00cc2165 0adce300 0adce308 01b29db0 e!..............
0x0037fa48: 0037fa58 00cc2297 0adce300 00000017 X.7.."..........
0x0037fa58: 0037fa68 010b1475 0adce300 00000017 h.7.u...........
0x0037fa68: 0037fa88 016bbdd5 0adce300 00200000 ..7...k....... .
0x0037fa78: 00000000 03c02cf0 03c02748 00000000 .....,..H'......
0x0037fa88: 0037faac 016b5003 0adce308 0199a730 ..7..Pk.....0...
0x0037fa98: 00001cd1 00000000 0369d160 03083290 ........`.i..2..
0x0037faa8: 00000079 0037fabc 016b6107 00000000 y.....7..ak.....
0x0037fab8: 016a39cf 0037fb40 010b315c 03c02748 .9j.@.7.\1..H'..
0x0037fac8: 0369d160 00000000 00000000 00000000 `.i.............
0x0037fad8: 00000000 00000000 0308322c 00000000 ........,2......
0x0037fae8: 00000000 00000000 030ad9f0 00000000 ................
0x0037faf8: 00000000 00000000 0037fb18 00000000 ..........7.....
0x0037fb08: 00000000 00000000 03083f50 00000000 ........P?......
0x0037fb18: 00000000 00000000 0037fb40 00000000 ........@.7.....
0x0037fb28: 00000000 00000000 0369d160 00000013 ........`.i.....
0x0037fb38: 000012f4 00000000 0037fb74 010b364a ........t.7.J6..
0x0037fb48: 0369d160 0369d160 00000000 00cc9a91 `.i.`.i.........
0x0037fb58: 00200000 03083f50 1f4f9ea0 1f500700 .. .P?....O...P.
0x0037fb68: 03083f50 1f500700 1f500700 0037fb88 P?....P...P...7.
0x0037fb78: 00cc9c12 00000008 00200000 00000003 .......... .....
0x0037fb88: 0037fbdc 00e9a213 0369d160 01aa83f0 ..7.....`.i.....
0x0037fb98: 00000016 0037fbb4 00cc4c5f 0037fdf8 ......7._L....7.
0x0037fba8: 76a97e40 1f4cb420 1f4cb5d0 1f4cec54 @~.v .L...L.T.L.
0x0037fbb8: 0124c854 03083f50 1f500700 1f500700 T.$.P?....P...P.
0x0037fbc8: 03083f50 00001fe6 ffffffff 000000a8 P?..............
0x0037fbd8: 0000006c 0037fbf8 00e9a411 01aa83f0 l.....7.........
0x0037fbe8: 00000016 00e85716 76ed9c00 00000000 .....W.....v....
0x0037fbf8: 0037fc2c 00f1db38 00000000 00000010 ,.7.8...........
0x0037fc08: 00000000 00090360 00000102 0000001b ....`...........
0x0037fc18: 00010001 001b73f4 000003c0 0000021c .....s..........
0x0037fc28: 0000053c 0037fd60 00f1f800 0128bf22 <...`.7.....".(.
0x0037fc38: 00000000 fe464000 0308fc60 01c0003f .....@F.`...?...
0x0037fc48: 000001ff 00000000 0000004e 0000004f ........N...O...
0x0037fc58: 00001fff 0309fc10 004a2250 019cdb58 ........P"J.X...
0x0037fc68: 7fffffff 00000053 0000005f 004a2250 ....S..._...P"J.
0x0037fc78: 019cdb58 0000000f 0000000f 7fffffff X...............
0x0037fc88: 00000000 01a79928 004a1838 0000000f ....(...8.J.....
0x0037fc98: 0037fc00 0037fccc 012a6f99 004a2250 ..7...7..o*.P"J.
0x0037fca8: 019cdb58 0000000f 0309fdf0 7fffffff X...............
0x0037fcb8: 00000000 01a79928 00000054 0000005f ....(...T..._...
0x0037fcc8: 0037fc00 0308fda0 0129640c 004a2250 ..7......d).P"J.
0x0037fcd8: 019cdb58 00000045 0000004f 00000004 X...E...O.......
0x0037fce8: 616e614d 00646567 004a1838 756e6547 Managed.8.J.Genu
0x0037fcf8: 00000007 0000000f 00000000 00b71630 ............0...
0x0037fd08: 03083ad0 03083b08 03083b08 0037fd44 .:...;...;..D.7.
0x0037fd18: 72637300 696e6565 6c640064 0128006c .screenid.dll.(.
0x0037fd28: 00000000 0000000f 0037fd50 030b0900 ........P.7.....
0x0037fd38: 0037fd50 01286a07 00743642 00000000 P.7..j(.B6t.....
0x0037fd48: 0000000f 00000000 00000000 00b71630 ............0...
0x0037fd58: 00000000 00b71670 0037fd78 01254e98 ....p...x.7..N%.
0x0037fd68: 00cc0000 00000000 00743645 0000000a ........E6t.....
0x0037fd78: 0037fe08 0128becf 00cc0000 00000000 ..7...(.........
0x0037fd88: 00743645 0000000a f411b4f0 0128bf22 E6t.........".(.
0x0037fd98: 0128bf22 fe464000 00000044 00741c9e ".(..@F.D.....t.
0x0037fda8: 00741c7e 00741c6a 00000000 00000000 ~.t.j.t.........
0x0037fdb8: 00000000 00000000 00000000 00000000 ................
0x0037fdc8: 00000000 00000000 00000000 00000000 ................
0x0037fdd8: 0037fe04 0037fe04 0129d124 c0000005 ..7...7.$.).....
0x0037fde8: 0128bf22 00000000 0037fd90 0037f404 ".(.......7...7.
0x0037fdf8: 0037fe54 0128daf0 f587a848 00000000 T.7...(.H.......
0x0037fe08: 0037fe1c 77037c04 fe464000 77037be0 ..7..|.w.@F..{.w
0x0037fe18: cd99c061 0037fe64 77c1b54f fe464000 a...d.7.O..w.@F.
0x0037fe28: cd47f3de 00000000 00000000 fe464000 ..G..........@F.
0x0037fe38: c0000005 76b3f510 00000000 0037f3e4 .......v......7.
0x0037fe48: cd47f3de 0037fe28 0037f3e4 0037fe6c ..G.(.7...7.l.7.
0x0037fe58: 77c58000 bab1b8da 00000000 0037fe74 ...w........t.7.
0x0037fe68: 77c1b51a ffffffff 77c003d5 00000000 ...w.......w....
0x0037fe78: 00000000 0128bf22 fe464000 00000000 ....".(..@F.....
0x0037fe88: 00000000 00000000 00000000 00000000 ................
0x0037fe98: 00000000 00000000 00000000 00000000 ................
0x0037fea8: 00000000 00000000 00000000 00000000 ................
0x0037feb8: 00000000 00000000 00000000 00000000 ................
0x0037fec8: 00000000 00000000 00000000 00000000 ................
0x0037fed8: 00000000 00000000 00000000 00000000 ................
0x0037fee8: 00000000 00000000 00000000 00000000 ................
0x0037fef8: 00000000 00000000 00000000 00000000 ................
0x0037ff08: 00000000 00000000 00000000 00000000 ................
0x0037ff18: 00000000 00000000 00000000 00000000 ................
0x0037ff28: 00000000 00000000 00000000 00000000 ................
0x0037ff38: 00000000 00000000 00000000 00000000 ................
0x0037ff48: 00000000 00000000 00000000 00000000 ................
0x0037ff58: 00000000 00000000 00000000 00000000 ................
0x0037ff68: 00000000 00000000 00000000 00000000 ................
0x0037ff78: 00000000 00000000 00000000 00000000 ................
0x0037ff88: 00000000 00000000 00000000 00000000 ................
0x0037ff98: 00000000 00000000 00000000 00000000 ................
0x0037ffa8: 00000000 00000000 00000000 00000000 ................
0x0037ffb8: 00000000 00000000 00000000 00000000 ................
0x0037ffc8: 00000000 00000000 00000000 00000000 ................
0x0037ffd8: 00000000 00000000 00000000 00000000 ................
0x0037ffe8: 00000000 00000000 00000000 00000000 ................
0x0037fff8: 00000000 00000000                   ........

Module 1
D:\Users\TimBo\Documents\Hackathon\git\Bitcamp2015\Piano 2\piano.exe
Image Base: 0x00cc0000  Image Size: 0x00fad000
File Size:  15665952    File Time:  2015-03-27_071514
Version:
   Company:    
   Product:    
   FileDesc:   
   FileVer:    5.0.1.11919
   ProdVer:    5.0.1.11919

Module 2
C:\Windows\system32\nvspcap.dll
Image Base: 0x10000000  Image Size: 0x0021c000
File Size:  2210040     File Time:  2014-12-12_201226
Version:
   Company:    NVIDIA Corporation
   Product:    NVIDIA GeForce Experience
   FileDesc:   NVIDIA Capture Server Proxy
   FileVer:    16.18.9.0
   ProdVer:    16.18.9.0

Module 3
C:\Windows\SYSTEM32\xinput1_3.dll
Image Base: 0x00400000  Image Size: 0x00016000
File Size:  81768       File Time:  2007-04-04_195342
Version:
   Company:    Microsoft Corporation
   Product:    Microsoft® DirectX for Windows®
   FileDesc:   Microsoft Common Controller API
   FileVer:    9.18.944.0
   ProdVer:    9.18.944.0

Module 4
D:\Users\TimBo\Documents\Hackathon\git\Bitcamp2015\Piano 2\piano_Data\Mono\mono.dll
Image Base: 0x10000000  Image Size: 0x0022f000
File Size:  2109216     File Time:  2015-03-27_071516
Version:
   Company:    
   Product:    
   FileDesc:   
   FileVer:    0.0.0.0
   ProdVer:    0.0.0.0

Module 5
C:\Windows\SYSTEM32\HID.DLL
Image Base: 0x613b0000  Image Size: 0x0000a000
File Size:  26624       File Time:  2014-10-28_210540
Version:
   Company:    Microsoft Corporation
   Product:    Microsoft® Windows® Operating System
   FileDesc:   Hid User Library
   FileVer:    6.3.9600.17415
   ProdVer:    6.3.9600.17415

Module 6
C:\Windows\SYSTEM32\d3dx9_43.dll
Image Base: 0x63790000  Image Size: 0x001ff000
File Size:  1998168     File Time:  2010-05-26_124102
Version:
   Company:    Microsoft Corporation
   Product:    Microsoft® DirectX for Windows®
   FileDesc:   Direct3D 9 Extensions
   FileVer:    9.29.952.3111
   ProdVer:    9.29.952.3111

Module 7
C:\Windows\SYSTEM32\d3dx10_43.dll
Image Base: 0x63990000  Image Size: 0x00074000
File Size:  470880      File Time:  2010-05-26_124102
Version:
   Company:    Microsoft Corporation
   Product:    Microsoft® DirectX for Windows®
   FileDesc:   Direct3D 10.1 Extensions
   FileVer:    9.29.952.3111
   ProdVer:    9.29.952.3111

Module 8
C:\Windows\SYSTEM32\d3dx11_43.dll
Image Base: 0x63a10000  Image Size: 0x0003f000
File Size:  248672      File Time:  2010-05-26_124102
Version:
   Company:    Microsoft Corporation
   Product:    Microsoft® DirectX for Windows®
   FileDesc:   Direct3D 10.1 Extensions
   FileVer:    9.29.952.3111
   ProdVer:    9.29.952.3111

Module 9
D:\Program Files (x86)\SteamLibrary\SteamApps\common\EVGA PrecisionX\PrecisionXServerHooks.dll
Image Base: 0x63a70000  Image Size: 0x00032000
File Size:  184824      File Time:  2015-03-21_161746
Version:
   Company:    EVGA Corp.
   Product:    EVGA PrecisionX Server Hooks
   FileDesc:   EVGA PrecisionX Server Hooks
   FileVer:    5.2.9.0
   ProdVer:    5.2.9.0

Module 10
C:\Windows\SYSTEM32\MSVCR120.dll
Image Base: 0x63ab0000  Image Size: 0x000ee000
File Size:  970912      File Time:  2013-10-05_023822
Version:
   Company:    Microsoft Corporation
   Product:    Microsoft® Visual Studio® 2013
   FileDesc:   Microsoft® C Runtime Library
   FileVer:    12.0.21005.1
   ProdVer:    12.0.21005.1

Module 11
C:\Windows\SYSTEM32\MSVCP120.dll
Image Base: 0x63ba0000  Image Size: 0x00071000
File Size:  455328      File Time:  2013-10-05_023822
Version:
   Company:    Microsoft Corporation
   Product:    Microsoft® Visual Studio® 2013
   FileDesc:   Microsoft® C Runtime Library
   FileVer:    12.0.21005.1
   ProdVer:    12.0.21005.1

Module 12
C:\Windows\SYSTEM32\OVRDisplayRT32.dll
Image Base: 0x63c20000  Image Size: 0x00017000
File Size:  77824       File Time:  2015-03-26_130030
Version:
   Company:    Oculus VR, LLC
   Product:    Oculus Display Driver
   FileDesc:   Oculus Display Driver
   FileVer:    1.2.4.0
   ProdVer:    1.2.4.0

Module 13
C:\Windows\SYSTEM32\GLU32.dll
Image Base: 0x63db0000  Image Size: 0x00025000
File Size:  140288      File Time:  2014-10-28_215952
Version:
   Company:    Microsoft Corporation
   Product:    Microsoft® Windows® Operating System
   FileDesc:   OpenGL Utility Library DLL
   FileVer:    6.3.9600.17415
   ProdVer:    6.3.9600.17415

Module 14
C:\Windows\SYSTEM32\OPENGL32.dll
Image Base: 0x63de0000  Image Size: 0x000de000
File Size:  777728      File Time:  2014-10-28_215752
Version:
   Company:    Microsoft Corporation
   Product:    Microsoft® Windows® Operating System
   FileDesc:   OpenGL Client DLL
   FileVer:    6.3.9600.17415
   ProdVer:    6.3.9600.17415

Module 15
D:\Users\TimBo\Documents\Hackathon\git\Bitcamp2015\Piano 2\piano_Data\Plugins\Leap.dll
Image Base: 0x67ff0000  Image Size: 0x0011c000
File Size:  1150800     File Time:  2015-04-12_023334
Version:
   Company:    Leap Motion
   Product:    Leap Motion API
   FileDesc:   Leap Motion API
   FileVer:    2.2.4.0
   ProdVer:    2.2.4.0

Module 16
C:\Windows\SYSTEM32\DWrite.dll
Image Base: 0x68110000  Image Size: 0x00182000
File Size:  1560576     File Time:  2014-10-28_210846
Version:
   Company:    Microsoft Corporation
   Product:    Microsoft® Windows® Operating System
   FileDesc:   Microsoft DirectX Typography Services
   FileVer:    6.3.9600.17415
   ProdVer:    6.3.9600.17415

Module 17
C:\Windows\SYSTEM32\nvwgf2um.dll
Image Base: 0x682a0000  Image Size: 0x00f3e000
File Size:  16017040    File Time:  2015-02-05_170144
Version:
   Company:    NVIDIA Corporation
   Product:    NVIDIA D3D10 drivers
   FileDesc:   NVIDIA D3D10 Driver, Version 347.52 
   FileVer:    9.18.13.4752
   ProdVer:    9.18.13.4752

Module 18
C:\Windows\SYSTEM32\midimap.dll
Image Base: 0x6c1f0000  Image Size: 0x00008000
File Size:  18944       File Time:  2014-10-28_215824
Version:
   Company:    Microsoft Corporation
   Product:    Microsoft® Windows® Operating System
   FileDesc:   Microsoft MIDI Mapper
   FileVer:    6.3.9600.17415
   ProdVer:    6.3.9600.17415

Module 19
C:\Windows\SYSTEM32\MSACM32.dll
Image Base: 0x6c200000  Image Size: 0x00017000
File Size:  89816       File Time:  2014-10-28_230702
Version:
   Company:    Microsoft Corporation
   Product:    Microsoft® Windows® Operating System
   FileDesc:   Microsoft ACM Audio Filter
   FileVer:    6.3.9600.17415
   ProdVer:    6.3.9600.17415

Module 20
C:\Windows\SYSTEM32\msacm32.drv
Image Base: 0x6c220000  Image Size: 0x00009000
File Size:  23040       File Time:  2014-10-28_215432
Version:
   Company:    Microsoft Corporation
   Product:    Microsoft® Windows® Operating System
   FileDesc:   Microsoft Sound Mapper
   FileVer:    6.3.9600.17415
   ProdVer:    6.3.9600.17415

Module 21
C:\Windows\SYSTEM32\AUDIOSES.DLL
Image Base: 0x6c230000  Image Size: 0x00060000
File Size:  370424      File Time:  2014-10-28_230710
Version:
   Company:    Microsoft Corporation
   Product:    Microsoft® Windows® Operating System
   FileDesc:   Audio Session
   FileVer:    6.3.9600.17415
   ProdVer:    6.3.9600.17415

Module 22
C:\Windows\SYSTEM32\AVRT.dll
Image Base: 0x6c290000  Image Size: 0x0000a000
File Size:  31496       File Time:  2014-10-28_231134
Version:
   Company:    Microsoft Corporation
   Product:    Microsoft® Windows® Operating System
   FileDesc:   Multimedia Realtime Runtime
   FileVer:    6.3.9600.17415
   ProdVer:    6.3.9600.17415

Module 23
C:\Windows\SYSTEM32\ksuser.dll
Image Base: 0x6c2a0000  Image Size: 0x00007000
File Size:  19096       File Time:  2014-10-28_230702
Version:
   Company:    Microsoft Corporation
   Product:    Microsoft® Windows® Operating System
   FileDesc:   User CSA Library
   FileVer:    6.3.9600.17415
   ProdVer:    6.3.9600.17415

Module 24
C:\Windows\SYSTEM32\wdmaud.drv
Image Base: 0x6c2b0000  Image Size: 0x00036000
File Size:  197120      File Time:  2014-10-28_205318
Version:
   Company:    Microsoft Corporation
   Product:    Microsoft® Windows® Operating System
   FileDesc:   Winmm  audio system driver
   FileVer:    6.3.9600.17415
   ProdVer:    6.3.9600.17415

Module 25
C:\Windows\SYSTEM32\dsound.dll
Image Base: 0x6c2f0000  Image Size: 0x00081000
File Size:  517120      File Time:  2014-10-28_214754
Version:
   Company:    Microsoft Corporation
   Product:    Microsoft® Windows® Operating System
   FileDesc:   DirectSound
   FileVer:    6.3.9600.17415
   ProdVer:    6.3.9600.17415

Module 26
C:\Windows\SYSTEM32\MMDevAPI.DLL
Image Base: 0x6c380000  Image Size: 0x00053000
File Size:  331048      File Time:  2014-10-28_230702
Version:
   Company:    Microsoft Corporation
   Product:    Microsoft® Windows® Operating System
   FileDesc:   MMDevice API
   FileVer:    6.3.9600.17415
   ProdVer:    6.3.9600.17415

Module 27
D:\Users\TimBo\Documents\Hackathon\git\Bitcamp2015\Piano 2\piano_Data\Plugins\SystemWipeRecognizerDll.dll
Image Base: 0x6d4a0000  Image Size: 0x0000a000
File Size:  24576       File Time:  2015-04-12_023334
Version:
   Company:    
   Product:    
   FileDesc:   
   FileVer:    0.0.0.0
   ProdVer:    0.0.0.0

Module 28
D:\Users\TimBo\Documents\Hackathon\git\Bitcamp2015\Piano 2\piano_Data\Plugins\LeapCSharp.dll
Image Base: 0x6d4b0000  Image Size: 0x00023000
File Size:  133456      File Time:  2015-04-12_023334
Version:
   Company:    Leap Motion
   Product:    Leap Motion API
   FileDesc:   Leap Motion API
   FileVer:    2.2.4.0
   ProdVer:    2.2.4.0

Module 29
C:\Windows\SYSTEM32\OVRDisplay32.dll
Image Base: 0x6d4e0000  Image Size: 0x00012000
File Size:  64512       File Time:  2015-03-26_130026
Version:
   Company:    Oculus VR, LLC
   Product:    Oculus Display Driver
   FileDesc:   Oculus Display Driver
   FileVer:    1.2.4.0
   ProdVer:    1.2.4.0

Module 30
D:\Users\TimBo\Documents\Hackathon\git\Bitcamp2015\Piano 2\piano_Data\Plugins\OculusPlugin.DLL
Image Base: 0x6d500000  Image Size: 0x000a9000
File Size:  667136      File Time:  2015-04-12_023334
Version:
   Company:    
   Product:    
   FileDesc:   
   FileVer:    0.0.0.0
   ProdVer:    0.0.0.0

Module 31
C:\Windows\SYSTEM32\DCIMAN32.dll
Image Base: 0x6d620000  Image Size: 0x00007000
File Size:  11776       File Time:  2014-10-28_220002
Version:
   Company:    Microsoft Corporation
   Product:    Microsoft® Windows® Operating System
   FileDesc:   DCI Manager
   FileVer:    6.3.9600.17415
   ProdVer:    6.3.9600.17415

Module 32
C:\Windows\SYSTEM32\DDRAW.dll
Image Base: 0x6d630000  Image Size: 0x000ec000
File Size:  544256      File Time:  2014-10-28_205248
Version:
   Company:    Microsoft Corporation
   Product:    Microsoft® Windows® Operating System
   FileDesc:   Microsoft DirectDraw
   FileVer:    6.3.9600.17415
   ProdVer:    6.3.9600.17415

Module 33
C:\Windows\SYSTEM32\dxgi.dll
Image Base: 0x6d720000  Image Size: 0x00069000
File Size:  430176      File Time:  2014-10-28_231204
Version:
   Company:    Microsoft Corporation
   Product:    Microsoft® Windows® Operating System
   FileDesc:   DirectX Graphics Infrastructure
   FileVer:    6.3.9600.17415
   ProdVer:    6.3.9600.17415

Module 34
C:\Windows\SYSTEM32\d3d11.dll
Image Base: 0x6d790000  Image Size: 0x001d9000
File Size:  1946144     File Time:  2014-10-28_231204
Version:
   Company:    Microsoft Corporation
   Product:    Microsoft® Windows® Operating System
   FileDesc:   Direct3D 11 Runtime
   FileVer:    6.3.9600.17415
   ProdVer:    6.3.9600.17415

Module 35
C:\Windows\SYSTEM32\DNSAPI.dll
Image Base: 0x6dcb0000  Image Size: 0x0007e000
File Size:  498688      File Time:  2014-10-28_210628
Version:
   Company:    Microsoft Corporation
   Product:    Microsoft® Windows® Operating System
   FileDesc:   DNS Client API DLL
   FileVer:    6.3.9600.17415
   ProdVer:    6.3.9600.17415

Module 36
C:\Windows\SYSTEM32\dwmapi.dll
Image Base: 0x71eb0000  Image Size: 0x0001a000
File Size:  102728      File Time:  2014-10-28_231204
Version:
   Company:    Microsoft Corporation
   Product:    Microsoft® Windows® Operating System
   FileDesc:   Microsoft Desktop Window Manager API
   FileVer:    6.3.9600.17415
   ProdVer:    6.3.9600.17415

Module 37
C:\Windows\system32\uxtheme.dll
Image Base: 0x72040000  Image Size: 0x000ed000
File Size:  949760      File Time:  2014-10-28_204830
Version:
   Company:    Microsoft Corporation
   Product:    Microsoft® Windows® Operating System
   FileDesc:   Microsoft UxTheme Library
   FileVer:    6.3.9600.17415
   ProdVer:    6.3.9600.17415

Module 38
C:\Windows\system32\apphelp.dll
Image Base: 0x72890000  Image Size: 0x000a0000
File Size:  642560      File Time:  2014-10-28_220014
Version:
   Company:    Microsoft Corporation
   Product:    Microsoft® Windows® Operating System
   FileDesc:   Application Compatibility Client Library
   FileVer:    6.3.9600.17415
   ProdVer:    6.3.9600.17415

Module 39
C:\Windows\SYSTEM32\powrprof.dll
Image Base: 0x72940000  Image Size: 0x00040000
File Size:  255136      File Time:  2014-10-28_231846
Version:
   Company:    Microsoft Corporation
   Product:    Microsoft® Windows® Operating System
   FileDesc:   Power Profile Helper DLL
   FileVer:    6.3.9600.17415
   ProdVer:    6.3.9600.17415

Module 40
C:\Windows\SYSTEM32\WINHTTP.dll
Image Base: 0x72b70000  Image Size: 0x0009f000
File Size:  631808      File Time:  2014-10-28_205622
Version:
   Company:    Microsoft Corporation
   Product:    Microsoft® Windows® Operating System
   FileDesc:   Windows HTTP Services
   FileVer:    6.3.9600.17415
   ProdVer:    6.3.9600.17415

Module 41
C:\Windows\SYSTEM32\ntmarta.dll
Image Base: 0x73360000  Image Size: 0x00028000
File Size:  154392      File Time:  2014-10-28_231538
Version:
   Company:    Microsoft Corporation
   Product:    Microsoft® Windows® Operating System
   FileDesc:   Windows NT MARTA provider
   FileVer:    6.3.9600.17415
   ProdVer:    6.3.9600.17415

Module 42
C:\Windows\SYSTEM32\WINMMBASE.dll
Image Base: 0x73390000  Image Size: 0x00023000
File Size:  134280      File Time:  2014-10-28_230702
Version:
   Company:    Microsoft Corporation
   Product:    Microsoft® Windows® Operating System
   FileDesc:   Base Multimedia Extension API DLL
   FileVer:    6.3.9600.17415
   ProdVer:    6.3.9600.17415

Module 43
C:\Windows\SYSTEM32\VERSION.dll
Image Base: 0x733c0000  Image Size: 0x00008000
File Size:  26304       File Time:  2014-10-28_231056
Version:
   Company:    Microsoft Corporation
   Product:    Microsoft® Windows® Operating System
   FileDesc:   Version Checking and File Installation Libraries
   FileVer:    6.3.9600.17415
   ProdVer:    6.3.9600.17415

Module 44
C:\Windows\SYSTEM32\WINMM.dll
Image Base: 0x73750000  Image Size: 0x00023000
File Size:  136840      File Time:  2014-10-28_230702
Version:
   Company:    Microsoft Corporation
   Product:    Microsoft® Windows® Operating System
   FileDesc:   MCI API DLL
   FileVer:    6.3.9600.17415
   ProdVer:    6.3.9600.17415

Module 45
C:\Windows\SYSTEM32\DEVOBJ.dll
Image Base: 0x742a0000  Image Size: 0x00021000
File Size:  127552      File Time:  2014-10-28_231842
Version:
   Company:    Microsoft Corporation
   Product:    Microsoft® Windows® Operating System
   FileDesc:   Device Information Set DLL
   FileVer:    6.3.9600.17415
   ProdVer:    6.3.9600.17415

Module 46
C:\Windows\SYSTEM32\WINNSI.DLL
Image Base: 0x74450000  Image Size: 0x00008000
File Size:  26304       File Time:  2014-10-28_230516
Version:
   Company:    Microsoft Corporation
   Product:    Microsoft® Windows® Operating System
   FileDesc:   Network Store Information RPC interface
   FileVer:    6.3.9600.17415
   ProdVer:    6.3.9600.17415

Module 47
C:\Windows\SYSTEM32\IPHLPAPI.DLL
Image Base: 0x74460000  Image Size: 0x00020000
File Size:  120864      File Time:  2014-10-28_230516
Version:
   Company:    Microsoft Corporation
   Product:    Microsoft® Windows® Operating System
   FileDesc:   IP Helper API
   FileVer:    6.3.9600.17415
   ProdVer:    6.3.9600.17415

Module 48
C:\Windows\SYSTEM32\shcore.dll
Image Base: 0x747b0000  Image Size: 0x0008b000
File Size:  560392      File Time:  2015-01-23_010234
Version:
   Company:    Microsoft Corporation
   Product:    Microsoft® Windows® Operating System
   FileDesc:   SHCORE
   FileVer:    6.3.9600.17666
   ProdVer:    6.3.9600.17666

Module 49
C:\Windows\SYSTEM32\bcrypt.dll
Image Base: 0x74840000  Image Size: 0x0001e000
File Size:  111104      File Time:  2014-10-28_210548
Version:
   Company:    Microsoft Corporation
   Product:    Microsoft® Windows® Operating System
   FileDesc:   Windows Cryptographic Primitives Library
   FileVer:    6.3.9600.17415
   ProdVer:    6.3.9600.17415

Module 50
C:\Windows\SYSTEM32\MSWSOCK.dll
Image Base: 0x748b0000  Image Size: 0x0004b000
File Size:  286208      File Time:  2014-10-28_210618
Version:
   Company:    Microsoft Corporation
   Product:    Microsoft® Windows® Operating System
   FileDesc:   Microsoft Windows Sockets 2.0 Service Provider
   FileVer:    6.3.9600.17415
   ProdVer:    6.3.9600.17415

Module 51
C:\Windows\SYSTEM32\kernel.appcore.dll
Image Base: 0x74900000  Image Size: 0x00009000
File Size:  29920       File Time:  2014-10-28_231848
Version:
   Company:    Microsoft Corporation
   Product:    Microsoft® Windows® Operating System
   FileDesc:   AppModel API Host
   FileVer:    6.3.9600.17415
   ProdVer:    6.3.9600.17415

Module 52
C:\Windows\SYSTEM32\dbghelp.dll
Image Base: 0x74910000  Image Size: 0x00141000
File Size:  1207296     File Time:  2014-10-28_205954
Version:
   Company:    Microsoft Corporation
   Product:    Microsoft® Windows® Operating System
   FileDesc:   Windows Image Helper
   FileVer:    6.3.9600.17415
   ProdVer:    6.3.9600.17415

Module 53
C:\Windows\SYSTEM32\bcryptPrimitives.dll
Image Base: 0x75350000  Image Size: 0x00054000
File Size:  340848      File Time:  2014-10-28_231538
Version:
   Company:    Microsoft Corporation
   Product:    Microsoft® Windows® Operating System
   FileDesc:   Windows Cryptographic Primitives Library
   FileVer:    6.3.9600.17415
   ProdVer:    6.3.9600.17415

Module 54
C:\Windows\SYSTEM32\CRYPTBASE.dll
Image Base: 0x753b0000  Image Size: 0x0000a000
File Size:  30984       File Time:  2014-10-28_230516
Version:
   Company:    Microsoft Corporation
   Product:    Microsoft® Windows® Operating System
   FileDesc:   Base cryptographic API DLL
   FileVer:    6.3.9600.17415
   ProdVer:    6.3.9600.17415

Module 55
C:\Windows\SYSTEM32\SspiCli.dll
Image Base: 0x753c0000  Image Size: 0x0001e000
File Size:  104960      File Time:  2014-10-28_210606
Version:
   Company:    Microsoft Corporation
   Product:    Microsoft® Windows® Operating System
   FileDesc:   Security Support Provider Interface
   FileVer:    6.3.9600.17415
   ProdVer:    6.3.9600.17415

Module 56
C:\Windows\SYSTEM32\sechost.dll
Image Base: 0x753e0000  Image Size: 0x00041000
File Size:  257216      File Time:  2014-10-28_230516
Version:
   Company:    Microsoft Corporation
   Product:    Microsoft® Windows® Operating System
   FileDesc:   Host for SCM/SDDL/LSA Lookup APIs
   FileVer:    6.3.9600.17415
   ProdVer:    6.3.9600.17415

Module 57
C:\Windows\SYSTEM32\WS2_32.dll
Image Base: 0x75430000  Image Size: 0x00050000
File Size:  321248      File Time:  2014-10-28_230516
Version:
   Company:    Microsoft Corporation
   Product:    Microsoft® Windows® Operating System
   FileDesc:   Windows Socket 2.0 32-Bit DLL
   FileVer:    6.3.9600.17415
   ProdVer:    6.3.9600.17415

Module 58
C:\Windows\SYSTEM32\combase.dll
Image Base: 0x75480000  Image Size: 0x0017d000
File Size:  1564464     File Time:  2014-10-28_231002
Version:
   Company:    Microsoft Corporation
   Product:    Microsoft® Windows® Operating System
   FileDesc:   Microsoft COM for Windows
   FileVer:    6.3.9600.17415
   ProdVer:    6.3.9600.17415

Module 59
C:\Windows\SYSTEM32\NSI.dll
Image Base: 0x75610000  Image Size: 0x00007000
File Size:  20120       File Time:  2014-10-28_230516
Version:
   Company:    Microsoft Corporation
   Product:    Microsoft® Windows® Operating System
   FileDesc:   NSI User-mode interface DLL
   FileVer:    6.3.9600.17415
   ProdVer:    6.3.9600.17415

Module 60
C:\Windows\SYSTEM32\cfgmgr32.dll
Image Base: 0x75620000  Image Size: 0x0003c000
File Size:  241168      File Time:  2014-10-28_231848
Version:
   Company:    Microsoft Corporation
   Product:    Microsoft® Windows® Operating System
   FileDesc:   Configuration Manager DLL
   FileVer:    6.3.9600.17415
   ProdVer:    6.3.9600.17415

Module 61
C:\Windows\SYSTEM32\SHELL32.dll
Image Base: 0x75660000  Image Size: 0x012ac000
File Size:  19731824    File Time:  2015-02-12_133408
Version:
   Company:    Microsoft Corporation
   Product:    Microsoft® Windows® Operating System
   FileDesc:   Windows Shell Common Dll
   FileVer:    6.3.9600.17680
   ProdVer:    6.3.9600.17680

Module 62
C:\Windows\SYSTEM32\GDI32.dll
Image Base: 0x76970000  Image Size: 0x0010e000
File Size:  1096704     File Time:  2014-10-28_211020
Version:
   Company:    Microsoft Corporation
   Product:    Microsoft® Windows® Operating System
   FileDesc:   GDI Client DLL
   FileVer:    6.3.9600.17415
   ProdVer:    6.3.9600.17415

Module 63
C:\Windows\SYSTEM32\KERNELBASE.dll
Image Base: 0x76a80000  Image Size: 0x000d7000
File Size:  862720      File Time:  2014-10-28_220316
Version:
   Company:    Microsoft Corporation
   Product:    Microsoft® Windows® Operating System
   FileDesc:   Windows NT BASE API Client DLL
   FileVer:    6.3.9600.17415
   ProdVer:    6.3.9600.17415

Module 64
C:\Windows\SYSTEM32\USER32.dll
Image Base: 0x76ec0000  Image Size: 0x00153000
File Size:  1376256     File Time:  2014-10-28_210436
Version:
   Company:    Microsoft Corporation
   Product:    Microsoft® Windows® Operating System
   FileDesc:   Multi-User Windows USER API Client DLL
   FileVer:    6.3.9600.17415
   ProdVer:    6.3.9600.17415

Module 65
C:\Windows\SYSTEM32\KERNEL32.DLL
Image Base: 0x77020000  Image Size: 0x00140000
File Size:  1040384     File Time:  2014-10-28_215824
Version:
   Company:    Microsoft Corporation
   Product:    Microsoft® Windows® Operating System
   FileDesc:   Windows NT BASE API Client DLL
   FileVer:    6.3.9600.17415
   ProdVer:    6.3.9600.17415

Module 66
C:\Windows\SYSTEM32\RPCRT4.dll
Image Base: 0x771f0000  Image Size: 0x000ba000
File Size:  747008      File Time:  2014-10-28_210756
Version:
   Company:    Microsoft Corporation
   Product:    Microsoft® Windows® Operating System
   FileDesc:   Remote Procedure Call Runtime
   FileVer:    6.3.9600.17415
   ProdVer:    6.3.9600.17415

Module 67
C:\Windows\SYSTEM32\msvcrt.dll
Image Base: 0x772b0000  Image Size: 0x000c3000
File Size:  800008      File Time:  2014-10-28_230630
Version:
   Company:    Microsoft Corporation
   Product:    Microsoft® Windows® Operating System
   FileDesc:   Windows NT CRT DLL
   FileVer:    7.0.9600.17415
   ProdVer:    6.1.8638.17415

Module 68
C:\Windows\SYSTEM32\ADVAPI32.dll
Image Base: 0x77380000  Image Size: 0x0007c000
File Size:  507152      File Time:  2014-10-28_230614
Version:
   Company:    Microsoft Corporation
   Product:    Microsoft® Windows® Operating System
   FileDesc:   Advanced Windows 32 Base API
   FileVer:    6.3.9600.17415
   ProdVer:    6.3.9600.17415

Module 69
C:\Windows\SYSTEM32\PSAPI.DLL
Image Base: 0x77430000  Image Size: 0x00006000
File Size:  16504       File Time:  2014-10-28_231844
Version:
   Company:    Microsoft Corporation
   Product:    Microsoft® Windows® Operating System
   FileDesc:   Process Status Helper
   FileVer:    6.3.9600.17415
   ProdVer:    6.3.9600.17415

Module 70
C:\Windows\SYSTEM32\SHLWAPI.dll
Image Base: 0x77480000  Image Size: 0x00045000
File Size:  278352      File Time:  2014-10-28_231056
Version:
   Company:    Microsoft Corporation
   Product:    Microsoft® Windows® Operating System
   FileDesc:   Shell Light-weight Utility Library
   FileVer:    6.3.9600.17415
   ProdVer:    6.3.9600.17415

Module 71
C:\Windows\SYSTEM32\ole32.dll
Image Base: 0x774d0000  Image Size: 0x00128000
File Size:  1209624     File Time:  2014-10-28_231002
Version:
   Company:    Microsoft Corporation
   Product:    Microsoft® Windows® Operating System
   FileDesc:   Microsoft OLE for Windows
   FileVer:    6.3.9600.17415
   ProdVer:    6.3.9600.17415

Module 72
C:\Windows\SYSTEM32\OLEAUT32.dll
Image Base: 0x77600000  Image Size: 0x00095000
File Size:  602776      File Time:  2014-12-19_042530
Version:
   Company:    Microsoft Corporation
   Product:    
   FileDesc:   
   FileVer:    6.3.9600.17560
   ProdVer:    6.3.9600.17560

Module 73
C:\Windows\SYSTEM32\IMM32.dll
Image Base: 0x77740000  Image Size: 0x00027000
File Size:  141312      File Time:  2014-10-28_215950
Version:
   Company:    Microsoft Corporation
   Product:    Microsoft® Windows® Operating System
   FileDesc:   Multi-User Windows IMM32 API Client DLL
   FileVer:    6.3.9600.17415
   ProdVer:    6.3.9600.17415

Module 74
C:\Windows\SYSTEM32\clbcatq.dll
Image Base: 0x77770000  Image Size: 0x0008d000
File Size:  569128      File Time:  2014-10-28_231002
Version:
   Company:    Microsoft Corporation
   Product:    Microsoft® Windows® Operating System
   FileDesc:   COM+ Configuration Catalog
   FileVer:    2001.12.10530.17415
   ProdVer:    6.3.9600.17415

Module 75
C:\Windows\SYSTEM32\SETUPAPI.dll
Image Base: 0x77800000  Image Size: 0x001b1000
File Size:  1782912     File Time:  2014-10-28_231848
Version:
   Company:    Microsoft Corporation
   Product:    Microsoft® Windows® Operating System
   FileDesc:   Windows Setup API
   FileVer:    6.3.9600.17415
   ProdVer:    6.3.9600.17415

Module 76
C:\Windows\SYSTEM32\MSCTF.dll
Image Base: 0x779c0000  Image Size: 0x00112000
File Size:  1123848     File Time:  2015-01-21_011520
Version:
   Company:    Microsoft Corporation
   Product:    Microsoft® Windows® Operating System
   FileDesc:   MSCTF Server DLL
   FileVer:    6.3.9600.17664
   ProdVer:    6.3.9600.17664

Module 77
C:\Windows\SYSTEM32\ntdll.dll
Image Base: 0x77bc0000  Image Size: 0x0016e000
File Size:  1498360     File Time:  2015-01-28_114116
Version:
   Company:    Microsoft Corporation
   Product:    Microsoft® Windows® Operating System
   FileDesc:   NT Layer DLL
   FileVer:    6.3.9600.17668
   ProdVer:    6.3.9600.17668


== [end of error.log] ==
